1501833846815	geckodriver	INFO	Listening on 127.0.0.1:59961
1501833847829	mozprofile::profile	INFO	Using profile path /tmp/rust_mozprofile.5jYfMVHBDxIf
1501833847829	geckodriver::marionette	INFO	Starting browser /usr/bin/firefox
1501833847834	geckodriver::marionette	INFO	Connecting to Marionette on localhost:33848

(firefox:5240): GLib-GObject-CRITICAL **: g_object_ref: assertion 'object->ref_count > 0' failed

(firefox:5240): GLib-GObject-CRITICAL **: g_object_unref: assertion 'object->ref_count > 0' failed

(firefox:5240): GLib-GObject-CRITICAL **: g_object_ref: assertion 'object->ref_count > 0' failed

(firefox:5240): GLib-GObject-CRITICAL **: g_object_unref: assertion 'object->ref_count > 0' failed
1501833848919	Marionette	INFO	Listening on port 33848
1501833850398	Marionette	INFO	startBrowser 54464261-b00c-404d-a80e-69e83ed36651

(/usr/lib/firefox/plugin-container:5307): GLib-GObject-CRITICAL **: g_object_ref: assertion 'object->ref_count > 0' failed

(/usr/lib/firefox/plugin-container:5307): GLib-GObject-CRITICAL **: g_object_unref: assertion 'object->ref_count > 0' failed

(/usr/lib/firefox/plugin-container:5307): GLib-GObject-CRITICAL **: g_object_ref: assertion 'object->ref_count > 0' failed

(/usr/lib/firefox/plugin-container:5307): GLib-GObject-CRITICAL **: g_object_unref: assertion 'object->ref_count > 0' failed
JavaScript error: https://normandy-cloudfront.cdn.mozilla.net/static/bundles/selfrepair.afb53ff18f093e84a458.js, line 6: SyntaxError: missing = in const declaration
1501833894281	geckodriver	INFO	Listening on 127.0.0.1:33407
1501833895277	mozprofile::profile	INFO	Using profile path /tmp/rust_mozprofile.v1kjHjQxh7Ja
1501833895277	geckodriver::marionette	INFO	Starting browser /usr/bin/firefox
1501833895282	geckodriver::marionette	INFO	Connecting to Marionette on localhost:45358

(firefox:5443): GLib-GObject-CRITICAL **: g_object_ref: assertion 'object->ref_count > 0' failed

(firefox:5443): GLib-GObject-CRITICAL **: g_object_unref: assertion 'object->ref_count > 0' failed

(firefox:5443): GLib-GObject-CRITICAL **: g_object_ref: assertion 'object->ref_count > 0' failed

(firefox:5443): GLib-GObject-CRITICAL **: g_object_unref: assertion 'object->ref_count > 0' failed
1501833896091	Marionette	INFO	Listening on port 45358
1501833898010	Marionette	INFO	startBrowser 47510531-904a-438d-b6c7-e3cd6bcdf597

(/usr/lib/firefox/plugin-container:5512): GLib-GObject-CRITICAL **: g_object_ref: assertion 'object->ref_count > 0' failed

(/usr/lib/firefox/plugin-container:5512): GLib-GObject-CRITICAL **: g_object_unref: assertion 'object->ref_count > 0' failed

(/usr/lib/firefox/plugin-container:5512): GLib-GObject-CRITICAL **: g_object_ref: assertion 'object->ref_count > 0' failed

(/usr/lib/firefox/plugin-container:5512): GLib-GObject-CRITICAL **: g_object_unref: assertion 'object->ref_count > 0' failed

(firefox:5443): GLib-GObject-CRITICAL **: g_type_add_interface_static: assertion 'g_type_parent (interface_type) == G_TYPE_INTERFACE' failed

(firefox:5443): GLib-GObject-CRITICAL **: g_type_add_interface_static: assertion 'g_type_parent (interface_type) == G_TYPE_INTERFACE' failed

(firefox:5443): GLib-GObject-CRITICAL **: g_type_add_interface_static: assertion 'g_type_parent (interface_type) == G_TYPE_INTERFACE' failed

###!!! [Child][MessageChannel] Error: (msgtype=0x400003,name=PCompositable::Msg_Destroy) Channel error: cannot send/recv


###!!! [Child][MessageChannel] Error: (msgtype=0xFA0005,name=PTexture::Msg_Destroy) Channel error: cannot send/recv


###!!! [Child][MessageChannel] Error: (msgtype=0xFA0005,name=PTexture::Msg_Destroy) Channel error: cannot send/recv


###!!! [Child][MessageChannel] Error: (msgtype=0x400003,name=PCompositable::Msg_Destroy) Channel error: cannot send/recv

[GFX1-]: Receive IPC close with reason=AbnormalShutdown
[Child 5512] WARNING: pipe error (3): 连接被对方重设: file /build/firefox-XpkqMU/firefox-49.0+build4/ipc/chromium/src/chrome/common/ipc_channel_posix.cc, line 316
[Child 5512] ###!!! ABORT: Aborting on channel error.: file /build/firefox-XpkqMU/firefox-49.0+build4/ipc/glue/MessageChannel.cpp, line 2052
[Child 5512] ###!!! ABORT: Aborting on channel error.: file /build/firefox-XpkqMU/firefox-49.0+build4/ipc/glue/MessageChannel.cpp, line 2052

(firefox:5240): GLib-GObject-CRITICAL **: g_object_unref: assertion 'G_IS_OBJECT (object)' failed

(firefox:5240): GLib-GObject-CRITICAL **: g_object_unref: assertion 'G_IS_OBJECT (object)' failed

(firefox:5240): GLib-GObject-CRITICAL **: g_object_unref: assertion 'G_IS_OBJECT (object)' failed

(firefox:5240): GLib-GObject-CRITICAL **: g_object_unref: assertion 'G_IS_OBJECT (object)' failed
g_dbus_connection_real_closed: Remote peer vanished with error: Underlying GIOStream returned 0 bytes on an async read (g-io-error-quark, 0). Exiting.
g_dbus_connection_real_closed: Remote peer vanished with error: Underlying GIOStream returned 0 bytes on an async read (g-io-error-quark, 0). Exiting.
